[0mCompiling "resources/public/js/main.js" from ["src"]...
Compiling src\om_tutorial\core.cljs
Compiling target\figwheel_temp\dev\figwheel\connect.cljs
notifying browser that file changed:  resources/public/js/goog/deps.js
notifying browser that file changed:  resources/public/js/cljs_deps.js
notifying browser that file changed:  out\om_tutorial\core.js
[32mSuccessfully compiled "resources/public/js/main.js" in 0.545 seconds.[0m
[0mCompiling "resources/public/js/main.js" from ["src"]...
Compiling src\om_tutorial\core.cljs
Compiling target\figwheel_temp\dev\figwheel\connect.cljs
notifying browser that file changed:  out\om_tutorial\core.js
[32mSuccessfully compiled "resources/public/js/main.js" in 0.767 seconds.[0m
[0mCompiling "resources/public/js/main.js" from ["src"]...
Compiling src\om_tutorial\core.cljs
Compiling target\figwheel_temp\dev\figwheel\connect.cljs
notifying browser that file changed:  resources/public/js/goog/deps.js
notifying browser that file changed:  resources/public/js/cljs_deps.js
notifying browser that file changed:  out\om_tutorial\core.js
[32mSuccessfully compiled "resources/public/js/main.js" in 0.594 seconds.[0m
[0mCompiling "resources/public/js/main.js" from ["src"]...
Compiling src\om_tutorial\core.cljs
Compiling target\figwheel_temp\dev\figwheel\connect.cljs
notifying browser that file changed:  out\om_tutorial\core.js
[32mSuccessfully compiled "resources/public/js/main.js" in 0.523 seconds.[0m
[0mCompiling "resources/public/js/main.js" from ["src"]...
Compiling src\om_tutorial\core.cljs
Compiling target\figwheel_temp\dev\figwheel\connect.cljs
notifying browser that file changed:  out\om_tutorial\core.js
[32mSuccessfully compiled "resources/public/js/main.js" in 0.445 seconds.[0m
[0mCompiling "resources/public/js/main.js" from ["src"]...
Compiling src\om_tutorial\core.cljs
Compiling target\figwheel_temp\dev\figwheel\connect.cljs
notifying browser that file changed:  out\om_tutorial\core.js
[32mSuccessfully compiled "resources/public/js/main.js" in 0.897 seconds.[0m
